ERROR - 2025-04-14 10:07:14 --> Validation failed: []
ERROR - 2025-04-14 15:12:52 --> Validation failed: []
ERROR - 2025-04-14 15:18:31 --> Validation failed: []
ERROR - 2025-04-14 15:19:17 --> Validation failed: []
CRITICAL - 2025-04-14 19:10:17 --> TypeError: json_decode(): Argument #1 ($json) must be of type string, array given
[Method: POST, Route: festivals/create]
in APPPATH/Controllers/FestivalController.php on line 69.
 1 APPPATH/Controllers/FestivalController.php(69): json_decode()
 2 SYSTEMPATH/CodeIgniter.php(933): App\Controllers\FestivalController->create()
 3 SYSTEMPATH/CodeIgniter.php(507): CodeIgniter\CodeIgniter->runController()
 4 SYSTEMPATH/CodeIgniter.php(354): CodeIgniter\CodeIgniter->handleRequest()
 5 SYSTEMPATH/Boot.php(334): CodeIgniter\CodeIgniter->run()
 6 SYSTEMPATH/Boot.php(67): CodeIgniter\Boot::runCodeIgniter()
 7 FCPATH/index.php(56): CodeIgniter\Boot::bootWeb()
CRITICAL - 2025-04-14 20:13:15 --> CodeIgniter\Database\Exceptions\DatabaseException: insertBatch() has no data.
[Method: POST, Route: festivals/create]
in SYSTEMPATH/Database/BaseBuilder.php on line 1812.
 1 SYSTEMPATH/Database/BaseBuilder.php(2230): CodeIgniter\Database\BaseBuilder->batchExecute()
 2 SYSTEMPATH/Model.php(428): CodeIgniter\Database\BaseBuilder->insertBatch()
 3 SYSTEMPATH/BaseModel.php(959): CodeIgniter\Model->doInsertBatch()
 4 APPPATH/Models/OrganizerModel.php(19): CodeIgniter\BaseModel->insertBatch()
 5 APPPATH/Controllers/FestivalController.php(74): App\Models\OrganizerModel->addOrganizers()
 6 SYSTEMPATH/CodeIgniter.php(933): App\Controllers\FestivalController->create()
 7 SYSTEMPATH/CodeIgniter.php(507): CodeIgniter\CodeIgniter->runController()
 8 SYSTEMPATH/CodeIgniter.php(354): CodeIgniter\CodeIgniter->handleRequest()
 9 SYSTEMPATH/Boot.php(334): CodeIgniter\CodeIgniter->run()
10 SYSTEMPATH/Boot.php(67): CodeIgniter\Boot::runCodeIgniter()
11 FCPATH/index.php(56): CodeIgniter\Boot::bootWeb()
